[debug] [2021-08-22T10:19:51.425Z] ----------------------------------------------------------------------
[debug] [2021-08-22T10:19:51.427Z] Command:       C:\Program Files\nodejs\node.exe C:\Users\scarl\AppData\Roaming\npm\node_modules\firebase-tools\lib\bin\firebase.js serve
[debug] [2021-08-22T10:19:51.428Z] CLI Version:   9.16.5
[debug] [2021-08-22T10:19:51.428Z] Platform:      win32
[debug] [2021-08-22T10:19:51.428Z] Node Version:  v14.17.4
[debug] [2021-08-22T10:19:51.429Z] Time:          Sun Aug 22 2021 18:19:51 GMT+0800 (Taipei Standard Time)
[debug] [2021-08-22T10:19:51.429Z] ----------------------------------------------------------------------
[debug] 
[debug] [2021-08-22T10:19:51.485Z] > command requires scopes: ["email","openid","https://www.googleapis.com/auth/cloudplatformprojects.readonly","https://www.googleapis.com/auth/firebase","https://www.googleapis.com/auth/cloud-platform"]
[debug] [2021-08-22T10:19:51.486Z] > authorizing via signed-in user (scarlettstrid@gmail.com)
[debug] [2021-08-22T10:19:51.486Z] [iam] checking project scar-site for permissions ["firebase.projects.get"]
[debug] [2021-08-22T10:19:51.489Z] > refreshing access token with scopes: ["email","https://www.googleapis.com/auth/cloud-platform","https://www.googleapis.com/auth/cloudplatformprojects.readonly","https://www.googleapis.com/auth/firebase","openid"]
[debug] [2021-08-22T10:19:51.489Z] >>> HTTP REQUEST POST https://www.googleapis.com/oauth2/v3/token  
 <request body omitted>
[debug] [2021-08-22T10:19:51.572Z] <<< HTTP RESPONSE 200 {"cache-control":"no-cache, no-store, max-age=0, must-revalidate","date":"Sun, 22 Aug 2021 10:19:51 GMT","pragma":"no-cache","expires":"Mon, 01 Jan 1990 00:00:00 GMT","content-type":"application/json; charset=utf-8","vary":"X-Origin, Referer, Origin,Accept-Encoding","server":"scaffolding on HTTPServer2","x-xss-protection":"0","x-frame-options":"SAMEORIGIN","x-content-type-options":"nosniff","alt-svc":"h3=\":443\"; ma=2592000,h3-29=\":443\"; ma=2592000,h3-T051=\":443\"; ma=2592000,h3-Q050=\":443\"; ma=2592000,h3-Q046=\":443\"; ma=2592000,h3-Q043=\":443\"; ma=2592000,quic=\":443\"; ma=2592000; v=\"46,43\"","accept-ranges":"none","transfer-encoding":"chunked"}
[debug] [2021-08-22T10:19:51.587Z] >>> HTTP REQUEST POST https://cloudresourcemanager.googleapis.com/v1/projects/scar-site:testIamPermissions  
 {"permissions":["firebase.projects.get"]}
[debug] [2021-08-22T10:19:52.367Z] <<< HTTP RESPONSE 200 {"content-type":"application/json; charset=UTF-8","vary":"X-Origin, Referer, Origin,Accept-Encoding","date":"Sun, 22 Aug 2021 10:19:51 GMT","server":"ESF","cache-control":"private","x-xss-protection":"0","x-frame-options":"SAMEORIGIN","x-content-type-options":"nosniff","server-timing":"gfet4t7; dur=752","alt-svc":"h3=\":443\"; ma=2592000,h3-29=\":443\"; ma=2592000,h3-T051=\":443\"; ma=2592000,h3-Q050=\":443\"; ma=2592000,h3-Q046=\":443\"; ma=2592000,h3-Q043=\":443\"; ma=2592000,quic=\":443\"; ma=2592000; v=\"46,43\"","accept-ranges":"none","transfer-encoding":"chunked"}
[debug] [2021-08-22T10:19:52.368Z] > refreshing access token with scopes: []
[debug] [2021-08-22T10:19:52.368Z] >>> HTTP REQUEST POST https://www.googleapis.com/oauth2/v3/token  
 <request body omitted>
[debug] [2021-08-22T10:19:52.414Z] <<< HTTP RESPONSE 200 {"date":"Sun, 22 Aug 2021 10:19:52 GMT","cache-control":"no-cache, no-store, max-age=0, must-revalidate","pragma":"no-cache","expires":"Mon, 01 Jan 1990 00:00:00 GMT","content-type":"application/json; charset=utf-8","vary":"X-Origin, Referer, Origin,Accept-Encoding","server":"scaffolding on HTTPServer2","x-xss-protection":"0","x-frame-options":"SAMEORIGIN","x-content-type-options":"nosniff","alt-svc":"h3=\":443\"; ma=2592000,h3-29=\":443\"; ma=2592000,h3-T051=\":443\"; ma=2592000,h3-Q050=\":443\"; ma=2592000,h3-Q046=\":443\"; ma=2592000,h3-Q043=\":443\"; ma=2592000,quic=\":443\"; ma=2592000; v=\"46,43\"","accept-ranges":"none","transfer-encoding":"chunked"}
[debug] [2021-08-22T10:19:52.428Z] >>> [apiv2][query] GET https://firebase.googleapis.com/v1beta1/projects/scar-site [none]
[debug] [2021-08-22T10:19:52.942Z] <<< [apiv2][status] GET https://firebase.googleapis.com/v1beta1/projects/scar-site 200
[debug] [2021-08-22T10:19:52.942Z] <<< [apiv2][body] GET https://firebase.googleapis.com/v1beta1/projects/scar-site {"projectId":"scar-site","projectNumber":"1061691574951","displayName":"scar-site","name":"projects/scar-site","resources":{"hostingSite":"scar-site"},"state":"ACTIVE"}
[info] 
[info] === Serving from 'C:\Users\scarl\Desktop\not work\NoGaems\mein-site'...
[info] 
[debug] [2021-08-22T10:19:52.944Z] >>> [apiv2][query] GET https://firebasehosting.googleapis.com/v1beta1/projects/scar-site/sites 
[debug] [2021-08-22T10:19:53.958Z] <<< [apiv2][status] GET https://firebasehosting.googleapis.com/v1beta1/projects/scar-site/sites 200
[debug] [2021-08-22T10:19:53.959Z] <<< [apiv2][body] GET https://firebasehosting.googleapis.com/v1beta1/projects/scar-site/sites {"sites":[{"name":"projects/1061691574951/sites/scar-site","defaultUrl":"https://scar-site.web.app","type":"DEFAULT_SITE"}]}
[debug] [2021-08-22T10:19:53.960Z] >>> [apiv2][query] GET https://firebase.googleapis.com/v1beta1/projects/scar-site/webApps/-/config [none]
[debug] [2021-08-22T10:19:55.151Z] <<< [apiv2][status] GET https://firebase.googleapis.com/v1beta1/projects/scar-site/webApps/-/config 200
[debug] [2021-08-22T10:19:55.151Z] <<< [apiv2][body] GET https://firebase.googleapis.com/v1beta1/projects/scar-site/webApps/-/config {"projectId":"scar-site","storageBucket":"scar-site.appspot.com","apiKey":"AIzaSyBiZteQTg-O1MbWn2ukA3nXV0jgnQJK_1g","authDomain":"scar-site.firebaseapp.com","messagingSenderId":"1061691574951"}
[info] i  hosting: Serving hosting files from: dist {"metadata":{"emulator":{"name":"hosting"},"message":"Serving hosting files from: \u001b[1mdist\u001b[22m"}}
[info] +  hosting: Local server: http://localhost:5000 {"metadata":{"emulator":{"name":"hosting"},"message":"Local server: \u001b[4m\u001b[1mhttp://localhost:5000\u001b[22m\u001b[24m"}}
